<?xml version="1.0" encoding="UTF-8" ?>
<testsuite failures="0" time="0.696" errors="0" skipped="0" tests="10" name="pl.softwaremill.traffic.SpanSpec">
  <properties>
[...]
</properties>
  <testcase time="0.004" classname="Conversion from int should work for millimeters" name="Conversion from int should work for millimeters"/>
  <testcase time="0" classname="Conversion from int should work for centimeters" name="Conversion from int should work for centimeters"/>
  <testcase time="0.001" classname="Conversion from int should work for meters" name="Conversion from int should work for meters"/>
  <testcase time="0" classname="Conversion from int should work for kilometers" name="Conversion from int should work for kilometers"/>
  <testcase time="0" classname="Same length in different units should should be equal for meters and centimeters" name="Same length in different units should should be equal for meters and centimeters"/>
  <testcase time="0" classname="Same length in different units should should be equal for kilometers and meters" name="Same length in different units should should be equal for kilometers and meters"/>
  <testcase time="0" classname="Conversion from double should work for millimeters" name="Conversion from double should work for millimeters"/>
  <testcase time="0" classname="Conversion from double should work for centimeters" name="Conversion from double should work for centimeters"/>
  <testcase time="0" classname="Conversion from double should work for meters" name="Conversion from double should work for meters"/>
  <testcase time="0.001" classname="Conversion from double should work for kilometers" name="Conversion from double should work for kilometers"/>
</testsuite>